2023-12-17T16:36:46.870-05:00  INFO 13812 --- [restartedMain] c.edu.tecazuay.UsuarioCrudApplication    : Starting UsuarioCrudApplication using Java 17.0.8.1 with PID 13812 (C:\Users\Usuario\OneDrive\Documentos\Repo_M5A\M5A_Santiago\ProyectoUsuario\target\classes started by Usuario in C:\Users\Usuario\OneDrive\Documentos\Repo_M5A\M5A_Santiago\ProyectoUsuario)
2023-12-17T16:36:46.870-05:00  INFO 13812 --- [restartedMain] c.edu.tecazuay.UsuarioCrudApplication    : No active profile set, falling back to 1 default profile: "default"
2023-12-17T16:36:47.027-05:00  INFO 13812 --- [restartedMain] .s.d.r.c.RepositoryConfigurationDelegate : Bootstrapping Spring Data JPA repositories in DEFAULT mode.
2023-12-17T16:36:47.032-05:00  INFO 13812 --- [restartedMain] .s.d.r.c.RepositoryConfigurationDelegate : Finished Spring Data repository scanning in 5 ms. Found 1 JPA repository interface.
2023-12-17T16:36:47.112-05:00  INFO 13812 --- [restartedMain] o.s.b.w.embedded.tomcat.TomcatWebServer  : Tomcat initialized with port 80 (http)
2023-12-17T16:36:47.112-05:00  INFO 13812 --- [restartedMain] o.apache.catalina.core.StandardService   : Starting service [Tomcat]
2023-12-17T16:36:47.113-05:00  INFO 13812 --- [restartedMain] o.apache.catalina.core.StandardEngine    : Starting Servlet engine: [Apache Tomcat/10.1.16]
2023-12-17T16:36:47.127-05:00  INFO 13812 --- [restartedMain] o.a.c.c.C.[Tomcat].[localhost].[/]       : Initializing Spring embedded WebApplicationContext
2023-12-17T16:36:47.127-05:00  INFO 13812 --- [restartedMain] w.s.c.ServletWebServerApplicationContext : Root WebApplicationContext: initialization completed in 255 ms
2023-12-17T16:36:47.144-05:00  WARN 13812 --- [restartedMain] ConfigServletWebServerApplicationContext : Exception encountered during context initialization - cancelling refresh attempt: org.springframework.beans.factory.UnsatisfiedDependencyException: Error creating bean with name 'dataSourceScriptDatabaseInitializer' defined in class path resource [org/springframework/boot/autoconfigure/sql/init/DataSourceInitializationConfiguration.class]: Unsatisfied dependency expressed through method 'dataSourceScriptDatabaseInitializer' parameter 0: Error creating bean with name 'dataSource' defined in class path resource [org/springframework/boot/autoconfigure/jdbc/DataSourceConfiguration$Hikari.class]: Failed to instantiate [com.zaxxer.hikari.HikariDataSource]: Factory method 'dataSource' threw exception with message: Failed to determine a suitable driver class
2023-12-17T16:36:47.145-05:00  INFO 13812 --- [restartedMain] o.apache.catalina.core.StandardService   : Stopping service [Tomcat]
2023-12-17T16:36:47.151-05:00  INFO 13812 --- [restartedMain] .s.b.a.l.ConditionEvaluationReportLogger : 

Error starting ApplicationContext. To display the condition evaluation report re-run your application with 'debug' enabled.
2023-12-17T16:36:47.169-05:00 ERROR 13812 --- [restartedMain] o.s.b.d.LoggingFailureAnalysisReporter   : 

***************************
APPLICATION FAILED TO START
***************************

Description:

Failed to configure a DataSource: 'url' attribute is not specified and no embedded datasource could be configured.

Reason: Failed to determine a suitable driver class


Action:

Consider the following:
	If you want an embedded database (H2, HSQL or Derby), please put it on the classpath.
	If you have database settings to be loaded from a particular profile you may need to activate it (no profiles are currently active).

